# JRE version: OpenJDK Runtime Environment GraalVM CE 21.2.0 (16.0.2+7) (build 16.0.2+7-jvmci-21.2-b08)
# Java VM: OpenJDK 64-Bit Server VM GraalVM CE 21.2.0 (16.0.2+7-jvmci-21.2-b08, mixed mode, sharing, tiered, jvmci, jvmci compiler, compressed oops, compressed class ptrs, g1 gc, linux-amd64)
GC Precious Log:
 CPUs: 4 total, 4 available
 Memory: 7920M
 Large Page Support: Disabled
 NUMA Support: Disabled
 Compressed Oops: Enabled (32-bit)
 Heap Region Size: 1M
 Heap Min Capacity: 256M
 Heap Initial Capacity: 256M
 Heap Max Capacity: 512M
 Pre-touch: Disabled
 Parallel Workers: 4
 Concurrent Workers: 1
 Concurrent Refinement Workers: 4
 Periodic GC: Disabled
Heap:
 garbage-first heap   total 262144K, used 209741K [0x00000000e0000000, 0x0000000100000000)
  region size 1024K, 118 young (120832K), 0 survivors (0K)
 Metaspace       used 87918K, committed 88896K, reserved 294912K
  class space    used 10633K, committed 11072K, reserved 212992K
GC Heap History (20 events):
Event: 3,080 GC heap after
{Heap after GC invocations=4 (full 0):
 garbage-first heap   total 264192K, used 20139K [0x00000000e0000000, 0x0000000100000000)
  region size 1024K, 10 young (10240K), 10 survivors (10240K)
 Metaspace       used 20965K, committed 21248K, reserved 237568K
  class space    used 2992K, committed 3136K, reserved 212992K
}
Event: 4,510 GC heap before
{Heap before GC invocations=5 (full 0):
 garbage-first heap   total 262144K, used 121515K [0x00000000e0000000, 0x0000000100000000)
  region size 1024K, 107 young (109568K), 10 survivors (10240K)
 Metaspace       used 35407K, committed 35776K, reserved 245760K
  class space    used 4645K, committed 4800K, reserved 212992K
}
Event: 4,522 GC heap after
{Heap after GC invocations=6 (full 0):
 garbage-first heap   total 262144K, used 29297K [0x00000000e0000000, 0x0000000100000000)
  region size 1024K, 15 young (15360K), 15 survivors (15360K)
 Metaspace       used 35407K, committed 35776K, reserved 245760K
  class space    used 4645K, committed 4800K, reserved 212992K
}
Event: 6,897 GC heap before
{Heap before GC invocations=7 (full 0):
 garbage-first heap   total 262144K, used 173681K [0x00000000e0000000, 0x0000000100000000)
  region size 1024K, 153 young (156672K), 15 survivors (15360K)
 Metaspace       used 47996K, committed 48576K, reserved 262144K
  class space    used 6384K, committed 6656K, reserved 212992K
}
Event: 6,927 GC heap after
{Heap after GC invocations=8 (full 0):
 garbage-first heap   total 262144K, used 44738K [0x00000000e0000000, 0x0000000100000000)
  region size 1024K, 20 young (20480K), 20 survivors (20480K)
 Metaspace       used 47996K, committed 48576K, reserved 262144K
  class space    used 6384K, committed 6656K, reserved 212992K
}
Event: 8,845 GC heap before
{Heap before GC invocations=8 (full 0):
 garbage-first heap   total 262144K, used 166594K [0x00000000e0000000, 0x0000000100000000)
  region size 1024K, 141 young (144384K), 20 survivors (20480K)
 Metaspace       used 59225K, committed 59840K, reserved 270336K
  class space    used 7842K, committed 8128K, reserved 212992K
}
Event: 8,872 GC heap after
{Heap after GC invocations=9 (full 0):
 garbage-first heap   total 262144K, used 56137K [0x00000000e0000000, 0x0000000100000000)
  region size 1024K, 12 young (12288K), 12 survivors (12288K)
 Metaspace       used 59225K, committed 59840K, reserved 270336K
  class space    used 7842K, committed 8128K, reserved 212992K
}
Event: 12,696 GC heap before
{Heap before GC invocations=10 (full 0):
 garbage-first heap   total 262144K, used 196425K [0x00000000e0000000, 0x0000000100000000)
  region size 1024K, 150 young (153600K), 12 survivors (12288K)
 Metaspace       used 76408K, committed 77184K, reserved 286720K
  class space    used 9883K, committed 10240K, reserved 212992K
}
Event: 12,714 GC heap after
{Heap after GC invocations=11 (full 0):
 garbage-first heap   total 262144K, used 63995K [0x00000000e0000000, 0x0000000100000000)
  region size 1024K, 8 young (8192K), 8 survivors (8192K)
 Metaspace       used 76408K, committed 77184K, reserved 286720K
  class space    used 9883K, committed 10240K, reserved 212992K
}
Event: 46,236 GC heap before
{Heap before GC invocations=11 (full 0):
 garbage-first heap   total 262144K, used 200187K [0x00000000e0000000, 0x0000000100000000)
  region size 1024K, 142 young (145408K), 8 survivors (8192K)
 Metaspace       used 82746K, committed 83584K, reserved 286720K
  class space    used 10510K, committed 10880K, reserved 212992K
}
Event: 46,273 GC heap after
{Heap after GC invocations=12 (full 0):
 garbage-first heap   total 262144K, used 79020K [0x00000000e0000000, 0x0000000100000000)
  region size 1024K, 18 young (18432K), 18 survivors (18432K)
 Metaspace       used 82746K, committed 83584K, reserved 286720K
  class space    used 10510K, committed 10880K, reserved 212992K
}
Event: 85,435 GC heap before
{Heap before GC invocations=12 (full 0):
 garbage-first heap   total 262144K, used 197804K [0x00000000e0000000, 0x0000000100000000)
  region size 1024K, 135 young (138240K), 18 survivors (18432K)
 Metaspace       used 84462K, committed 85312K, reserved 294912K
  class space    used 10528K, committed 10880K, reserved 212992K
}
Event: 85,491 GC heap after
{Heap after GC invocations=13 (full 0):
 garbage-first heap   total 262144K, used 86877K [0x00000000e0000000, 0x0000000100000000)
  region size 1024K, 11 young (11264K), 11 survivors (11264K)
 Metaspace       used 84462K, committed 85312K, reserved 294912K
  class space    used 10528K, committed 10880K, reserved 212992K
}
Event: 161,667 GC heap before
{Heap before GC invocations=13 (full 0):
 garbage-first heap   total 262144K, used 199517K [0x00000000e0000000, 0x0000000100000000)
  region size 1024K, 122 young (124928K), 11 survivors (11264K)
 Metaspace       used 85143K, committed 86080K, reserved 294912K
  class space    used 10534K, committed 10944K, reserved 212992K
}
Event: 161,686 GC heap after
{Heap after GC invocations=14 (full 0):
 garbage-first heap   total 262144K, used 86700K [0x00000000e0000000, 0x0000000100000000)
  region size 1024K, 4 young (4096K), 4 survivors (4096K)
 Metaspace       used 85143K, committed 86080K, reserved 294912K
  class space    used 10534K, committed 10944K, reserved 212992K
}
Event: 165,168 GC heap before
{Heap before GC invocations=14 (full 0):
 garbage-first heap   total 262144K, used 204460K [0x00000000e0000000, 0x0000000100000000)
  region size 1024K, 120 young (122880K), 4 survivors (4096K)
 Metaspace       used 86272K, committed 87168K, reserved 294912K
  class space    used 10548K, committed 10944K, reserved 212992K
}
Event: 165,175 GC heap after
{Heap after GC invocations=15 (full 0):
 garbage-first heap   total 262144K, used 88236K [0x00000000e0000000, 0x0000000100000000)
  region size 1024K, 5 young (5120K), 5 survivors (5120K)
 Metaspace       used 86272K, committed 87168K, reserved 294912K
  class space    used 10548K, committed 10944K, reserved 212992K
}
Event: 477,676 GC heap before
{Heap before GC invocations=15 (full 0):
 garbage-first heap   total 262144K, used 207020K [0x00000000e0000000, 0x0000000100000000)
  region size 1024K, 122 young (124928K), 5 survivors (5120K)
 Metaspace       used 87015K, committed 87872K, reserved 294912K
  class space    used 10560K, committed 10944K, reserved 212992K
}
Event: 477,693 GC heap after
{Heap after GC invocations=16 (full 0):
 garbage-first heap   total 262144K, used 88909K [0x00000000e0000000, 0x0000000100000000)
  region size 1024K, 6 young (6144K), 6 survivors (6144K)
 Metaspace       used 87015K, committed 87872K, reserved 294912K
  class space    used 10560K, committed 10944K, reserved 212992K
}
Event: 604,961 GC heap before
{Heap before GC invocations=16 (full 0):
 garbage-first heap   total 262144K, used 208717K [0x00000000e0000000, 0x0000000100000000)
  region size 1024K, 124 young (126976K), 6 survivors (6144K)
 Metaspace       used 87918K, committed 88896K, reserved 294912K
  class space    used 10633K, committed 11072K, reserved 212992K
}

