# JRE version: OpenJDK Runtime Environment (11.0.13+8) (build 11.0.13+8)
# Java VM: OpenJDK 64-Bit Server VM (11.0.13+8, mixed mode, tiered, compressed oops, g1 gc, linux-amd64)
Heap:
 garbage-first heap   total 268288K, used 214836K [0x00000000e0000000, 0x0000000100000000)
  region size 1024K, 36 young (36864K), 6 survivors (6144K)
 Metaspace       used 94986K, capacity 97701K, committed 97832K, reserved 339968K
  class space    used 11926K, capacity 12943K, committed 13016K, reserved 253952K
GC Heap History (20 events):
Event: 43,211 GC heap before
{Heap before GC invocations=94 (full 0):
 garbage-first heap   total 262144K, used 228727K [0x00000000e0000000, 0x0000000100000000)
  region size 1024K, 56 young (57344K), 5 survivors (5120K)
 Metaspace       used 93665K, capacity 96227K, committed 96424K, reserved 337920K
  class space    used 11790K, capacity 12771K, committed 12888K, reserved 253952K
}
Event: 43,217 GC heap after
{Heap after GC invocations=95 (full 0):
 garbage-first heap   total 262144K, used 177658K [0x00000000e0000000, 0x0000000100000000)
  region size 1024K, 5 young (5120K), 5 survivors (5120K)
 Metaspace       used 93665K, capacity 96227K, committed 96424K, reserved 337920K
  class space    used 11790K, capacity 12771K, committed 12888K, reserved 253952K
}
Event: 43,387 GC heap before
{Heap before GC invocations=96 (full 0):
 garbage-first heap   total 262144K, used 228858K [0x00000000e0000000, 0x0000000100000000)
  region size 1024K, 55 young (56320K), 5 survivors (5120K)
 Metaspace       used 93665K, capacity 96227K, committed 96424K, reserved 337920K
  class space    used 11790K, capacity 12771K, committed 12888K, reserved 253952K
}
Event: 43,401 GC heap after
{Heap after GC invocations=97 (full 0):
 garbage-first heap   total 262144K, used 179306K [0x00000000e0000000, 0x0000000100000000)
  region size 1024K, 5 young (5120K), 5 survivors (5120K)
 Metaspace       used 93665K, capacity 96227K, committed 96424K, reserved 337920K
  class space    used 11790K, capacity 12771K, committed 12888K, reserved 253952K
}
Event: 43,419 GC heap before
{Heap before GC invocations=97 (full 0):
 garbage-first heap   total 262144K, used 186474K [0x00000000e0000000, 0x0000000100000000)
  region size 1024K, 12 young (12288K), 5 survivors (5120K)
 Metaspace       used 93665K, capacity 96227K, committed 96424K, reserved 337920K
  class space    used 11790K, capacity 12771K, committed 12888K, reserved 253952K
}
Event: 43,431 GC heap after
{Heap after GC invocations=98 (full 0):
 garbage-first heap   total 262144K, used 178414K [0x00000000e0000000, 0x0000000100000000)
  region size 1024K, 1 young (1024K), 1 survivors (1024K)
 Metaspace       used 93665K, capacity 96227K, committed 96424K, reserved 337920K
  class space    used 11790K, capacity 12771K, committed 12888K, reserved 253952K
}
Event: 43,585 GC heap before
{Heap before GC invocations=98 (full 0):
 garbage-first heap   total 262144K, used 229614K [0x00000000e0000000, 0x0000000100000000)
  region size 1024K, 51 young (52224K), 1 survivors (1024K)
 Metaspace       used 93665K, capacity 96227K, committed 96424K, reserved 337920K
  class space    used 11790K, capacity 12771K, committed 12888K, reserved 253952K
}
Event: 43,588 GC heap after
{Heap after GC invocations=99 (full 0):
 garbage-first heap   total 262144K, used 179406K [0x00000000e0000000, 0x0000000100000000)
  region size 1024K, 2 young (2048K), 2 survivors (2048K)
 Metaspace       used 93665K, capacity 96227K, committed 96424K, reserved 337920K
  class space    used 11790K, capacity 12771K, committed 12888K, reserved 253952K
}
Event: 43,744 GC heap before
{Heap before GC invocations=99 (full 0):
 garbage-first heap   total 262144K, used 229582K [0x00000000e0000000, 0x0000000100000000)
  region size 1024K, 51 young (52224K), 2 survivors (2048K)
 Metaspace       used 93666K, capacity 96227K, committed 96424K, reserved 337920K
  class space    used 11790K, capacity 12771K, committed 12888K, reserved 253952K
}
Event: 43,753 GC heap after
{Heap after GC invocations=100 (full 0):
 garbage-first heap   total 262144K, used 180417K [0x00000000e0000000, 0x0000000100000000)
  region size 1024K, 3 young (3072K), 3 survivors (3072K)
 Metaspace       used 93666K, capacity 96227K, committed 96424K, reserved 337920K
  class space    used 11790K, capacity 12771K, committed 12888K, reserved 253952K
}
Event: 43,950 GC heap before
{Heap before GC invocations=101 (full 0):
 garbage-first heap   total 262144K, used 252097K [0x00000000e0000000, 0x0000000100000000)
  region size 1024K, 39 young (39936K), 3 survivors (3072K)
 Metaspace       used 93811K, capacity 96392K, committed 96680K, reserved 337920K
  class space    used 11812K, capacity 12784K, committed 12888K, reserved 253952K
}
Event: 43,965 GC heap after
{Heap after GC invocations=102 (full 0):
 garbage-first heap   total 262144K, used 182476K [0x00000000e0000000, 0x0000000100000000)
  region size 1024K, 5 young (5120K), 5 survivors (5120K)
 Metaspace       used 93811K, capacity 96392K, committed 96680K, reserved 337920K
  class space    used 11812K, capacity 12784K, committed 12888K, reserved 253952K
}
Event: 348,256 GC heap before
{Heap before GC invocations=103 (full 0):
 garbage-first heap   total 262144K, used 261324K [0x00000000e0000000, 0x0000000100000000)
  region size 1024K, 28 young (28672K), 5 survivors (5120K)
 Metaspace       used 94704K, capacity 97408K, committed 97576K, reserved 339968K
  class space    used 11914K, capacity 12932K, committed 13016K, reserved 253952K
}
Event: 348,287 GC heap after
{Heap after GC invocations=104 (full 0):
 garbage-first heap   total 268288K, used 181200K [0x00000000e0000000, 0x0000000100000000)
  region size 1024K, 4 young (4096K), 4 survivors (4096K)
 Metaspace       used 94704K, capacity 97408K, committed 97576K, reserved 339968K
  class space    used 11914K, capacity 12932K, committed 13016K, reserved 253952K
}
Event: 348,481 GC heap before
{Heap before GC invocations=104 (full 0):
 garbage-first heap   total 268288K, used 190416K [0x00000000e0000000, 0x0000000100000000)
  region size 1024K, 13 young (13312K), 4 survivors (4096K)
 Metaspace       used 94752K, capacity 97481K, committed 97576K, reserved 339968K
  class space    used 11916K, capacity 12934K, committed 13016K, reserved 253952K
}
Event: 348,503 GC heap after
{Heap after GC invocations=105 (full 0):
 garbage-first heap   total 268288K, used 179822K [0x00000000e0000000, 0x0000000100000000)
  region size 1024K, 2 young (2048K), 2 survivors (2048K)
 Metaspace       used 94752K, capacity 97481K, committed 97576K, reserved 339968K
  class space    used 11916K, capacity 12934K, committed 13016K, reserved 253952K
}
Event: 348,776 GC heap before
{Heap before GC invocations=105 (full 0):
 garbage-first heap   total 268288K, used 224878K [0x00000000e0000000, 0x0000000100000000)
  region size 1024K, 46 young (47104K), 2 survivors (2048K)
 Metaspace       used 94814K, capacity 97481K, committed 97576K, reserved 339968K
  class space    used 11916K, capacity 12934K, committed 13016K, reserved 253952K
}
Event: 348,786 GC heap after
{Heap after GC invocations=106 (full 0):
 garbage-first heap   total 268288K, used 182028K [0x00000000e0000000, 0x0000000100000000)
  region size 1024K, 4 young (4096K), 4 survivors (4096K)
 Metaspace       used 94814K, capacity 97481K, committed 97576K, reserved 339968K
  class space    used 11916K, capacity 12934K, committed 13016K, reserved 253952K
}
Event: 348,966 GC heap before
{Heap before GC invocations=106 (full 0):
 garbage-first heap   total 268288K, used 227084K [0x00000000e0000000, 0x0000000100000000)
  region size 1024K, 48 young (49152K), 4 survivors (4096K)
 Metaspace       used 94821K, capacity 97545K, committed 97832K, reserved 339968K
  class space    used 11917K, capacity 12934K, committed 13016K, reserved 253952K
}
Event: 348,997 GC heap after
{Heap after GC invocations=107 (full 0):
 garbage-first heap   total 268288K, used 185140K [0x00000000e0000000, 0x0000000100000000)
  region size 1024K, 6 young (6144K), 6 survivors (6144K)
 Metaspace       used 94821K, capacity 97545K, committed 97832K, reserved 339968K
  class space    used 11917K, capacity 12934K, committed 13016K, reserved 253952K
}

